TN:
SF:src\api\getJobs.js
FN:2,(anonymous_0)
FNF:1
FNH:1
FNDA:2,(anonymous_0)
DA:2,4
DA:3,2
DA:4,2
DA:5,2
LF:4
LH:4
BRF:0
BRH:0
end_of_record
TN:
SF:src\components\JobResults\JobListing.vue
FN:60,(anonymous_0)
FNF:1
FNH:1
FNDA:5,(anonymous_0)
DA:51,2
DA:61,5
LF:2
LH:2
BRF:0
BRH:0
end_of_record
TN:
SF:src\components\Navigation\ProfileImage.vue
FN:8,(anonymous_0)
FNF:1
FNH:1
FNDA:1,(anonymous_0)
DA:6,2
DA:9,1
LF:2
LH:2
BRF:0
BRH:0
end_of_record
TN:
SF:src\components\Navigation\Subnav.vue
FN:16,(anonymous_0)
FNF:1
FNH:0
FNDA:0,(anonymous_0)
DA:13,2
DA:17,0
LF:2
LH:1
BRF:0
BRH:0
end_of_record
TN:
SF:src\components\Shared\ActionButton.vue
FN:16,(anonymous_0)
FN:22,(anonymous_1)
FNF:2
FNH:2
FNDA:7,(anonymous_0)
FNDA:3,(anonymous_1)
DA:8,3
DA:17,7
DA:23,3
LF:3
LH:3
BRF:0
BRH:0
end_of_record
TN:
SF:src\components\Shared\TextInput.vue
FN:27,(anonymous_0)
FNF:1
FNH:1
FNDA:5,(anonymous_0)
DA:12,2
DA:28,5
LF:2
LH:2
BRF:0
BRH:0
end_of_record
TN:
SF:src\store\index.js
FN:10,(anonymous_0)
FN:18,(anonymous_1)
FN:21,(anonymous_2)
FN:27,(anonymous_3)
FNF:4
FNH:4
FNDA:5,(anonymous_0)
FNDA:1,(anonymous_1)
FNDA:1,(anonymous_2)
FNDA:2,(anonymous_3)
DA:5,3
DA:6,3
DA:8,3
DA:10,3
DA:11,5
DA:17,3
DA:19,1
DA:22,1
DA:26,3
DA:28,2
DA:29,2
DA:33,3
LF:12
LH:12
BRF:0
BRH:0
end_of_record
TN:
SF:src\utils\nextElementInList.js
FN:1,(anonymous_0)
FNF:1
FNH:1
FNDA:5,(anonymous_0)
DA:1,2
DA:2,5
DA:3,5
DA:4,5
DA:5,5
LF:5
LH:5
BRF:0
BRH:0
end_of_record
